<?xml version="1.0" encoding="UTF-8"?>
<!-- Generated by org.testng.reporters.JUnitXMLReporter -->
<testsuite hostname="Sudheer" ignored="4" name="Regression suite 1" tests="1" failures="0" timestamp="2020-07-23T23:27:33 CDT" time="0.059" errors="0">
  <testcase name="ee" time="0.009" classname="com.test.dependsonAnnotation"/>
  <testcase name="bb" time="0.0" classname="com.test.dependsonAnnotation">
    <ignored/>
  </testcase> <!-- bb -->
  <testcase name="dd" time="0.0" classname="com.test.dependsonAnnotation">
    <ignored/>
  </testcase> <!-- dd -->
  <testcase name="cc" time="0.0" classname="com.test.dependsonAnnotation">
    <ignored/>
  </testcase> <!-- cc -->
  <testcase name="aa" time="0.0" classname="com.test.dependsonAnnotation">
    <ignored/>
  </testcase> <!-- aa -->
</testsuite> <!-- Regression suite 1 -->
