<?xml version="1.0" encoding="UTF-8"?>
<!-- Generated by org.testng.reporters.JUnitXMLReporter -->
<testsuite hostname="DESKTOP-H5EGRJF" ignored="0" name="Regression suite 2" tests="23" failures="0" timestamp="2020-02-19T16:24:56 CST" time="87.582" errors="0">
  <testcase name="VerifyTitle" time="0.003" classname="com.test.AllParamaeters_All"/>
  <testcase name="VerifyTitle" time="0.001" classname="com.test.AllParamaeters_All"/>
  <testcase name="VerifyTitle" time="0.001" classname="com.test.AllParamaeters_All"/>
  <testcase name="VerifyTitle" time="0.002" classname="com.test.AllParamaeters_All"/>
  <testcase name="VerifyTitle" time="0.002" classname="com.test.AllParamaeters_All"/>
  <testcase name="VerifyTitle" time="0.003" classname="com.test.AllParamaeters_All"/>
  <testcase name="VerifyTitle" time="0.002" classname="com.test.AllParamaeters_All"/>
  <testcase name="VerifyTitle" time="0.001" classname="com.test.AllParamaeters_All"/>
  <testcase name="VerifyTitle" time="0.001" classname="com.test.AllParamaeters_All"/>
  <testcase name="VerifyTitle" time="0.002" classname="com.test.AllParamaeters_All"/>
  <testcase name="test" time="6.64" classname="com.test.InvocationCount"/>
  <testcase name="test" time="6.383" classname="com.test.InvocationCount"/>
  <testcase name="test" time="6.278" classname="com.test.InvocationCount"/>
  <testcase name="test" time="6.307" classname="com.test.InvocationCount"/>
  <testcase name="test" time="6.168" classname="com.test.InvocationCount"/>
  <testcase name="test" time="6.492" classname="com.test.InvocationCount"/>
  <testcase name="test" time="6.087" classname="com.test.InvocationCount"/>
  <testcase name="test" time="6.357" classname="com.test.InvocationCount"/>
  <testcase name="test" time="5.985" classname="com.test.InvocationCount"/>
  <testcase name="test" time="6.362" classname="com.test.InvocationCount"/>
  <testcase name="VerifySearch" time="1.57" classname="com.test.TestNg_Webdriver"/>
  <testcase name="verifyTitle" time="1.145" classname="com.test.TestNg_Webdriver"/>
  <testcase name="verifyTitle1" time="1.808" classname="com.test.TestNg_Webdriver"/>
</testsuite> <!-- Regression suite 2 -->
