<?xml version="1.0" encoding="UTF-8"?>
<!-- Generated by org.testng.reporters.JUnitXMLReporter -->
<testsuite hostname="DESKTOP-H5EGRJF" ignored="0" name="Regression suite 3" tests="23" failures="0" timestamp="2020-02-19T16:26:25 CST" time="89.323" errors="0">
  <testcase name="VerifyTitle" time="0.001" classname="com.test.AllParamaeters_All"/>
  <testcase name="VerifyTitle" time="0.0" classname="com.test.AllParamaeters_All"/>
  <testcase name="VerifyTitle" time="0.001" classname="com.test.AllParamaeters_All"/>
  <testcase name="VerifyTitle" time="0.004" classname="com.test.AllParamaeters_All"/>
  <testcase name="VerifyTitle" time="0.002" classname="com.test.AllParamaeters_All"/>
  <testcase name="VerifyTitle" time="0.001" classname="com.test.AllParamaeters_All"/>
  <testcase name="VerifyTitle" time="0.0" classname="com.test.AllParamaeters_All"/>
  <testcase name="VerifyTitle" time="0.0" classname="com.test.AllParamaeters_All"/>
  <testcase name="VerifyTitle" time="0.001" classname="com.test.AllParamaeters_All"/>
  <testcase name="VerifyTitle" time="0.0" classname="com.test.AllParamaeters_All"/>
  <testcase name="test" time="6.39" classname="com.test.InvocationCount"/>
  <testcase name="test" time="6.024" classname="com.test.InvocationCount"/>
  <testcase name="test" time="6.146" classname="com.test.InvocationCount"/>
  <testcase name="test" time="6.536" classname="com.test.InvocationCount"/>
  <testcase name="test" time="6.245" classname="com.test.InvocationCount"/>
  <testcase name="test" time="6.494" classname="com.test.InvocationCount"/>
  <testcase name="test" time="6.07" classname="com.test.InvocationCount"/>
  <testcase name="test" time="6.53" classname="com.test.InvocationCount"/>
  <testcase name="test" time="6.752" classname="com.test.InvocationCount"/>
  <testcase name="test" time="6.482" classname="com.test.InvocationCount"/>
  <testcase name="VerifySearch" time="1.604" classname="com.test.TestNg_Webdriver"/>
  <testcase name="verifyTitle" time="1.523" classname="com.test.TestNg_Webdriver"/>
  <testcase name="verifyTitle1" time="0.073" classname="com.test.TestNg_Webdriver"/>
</testsuite> <!-- Regression suite 3 -->
